<?xml version="1.0" encoding="UTF-8"?>
<!-- Generated by org.testng.reporters.JUnitReportReporter -->
<testsuite skipped="0" hostname="AR-NB-112" name="prueba.Clase2" tests="2" failures="0" timestamp="03 ene 2019 15:30:27 GMT" time="5.017" errors="0">
  <testcase name="pruebaTest" time="2.892" classname="prueba.Clase2"/>
  <testcase name="pruebaTest" time="2.125" classname="prueba.Clase2"/>
</testsuite> <!-- prueba.Clase2 -->
