<?xml version="1.0" encoding="UTF-8"?>
<!-- Generated by org.testng.reporters.JUnitReportReporter -->
<testsuite skipped="0" hostname="AR-NB-112" name="prueba.NewTest" tests="2" failures="0" timestamp="28 dic 2018 11:53:25 GMT" time="0.016" errors="0">
  <testcase name="dos" time="0.016" classname="prueba.NewTest"/>
  <testcase name="uno" time="0.000" classname="prueba.NewTest"/>
</testsuite> <!-- prueba.NewTest -->
