<?xml version="1.0" encoding="UTF-8"?>
<!-- Generated by org.testng.reporters.JUnitReportReporter -->
<testsuite skipped="0" hostname="AR-NB-112" name="MercuryTours.MercuryToursTest" tests="1" failures="0" timestamp="24 ene 2019 12:45:43 GMT" time="42.984" errors="0">
  <testcase name="test" time="42.984" classname="MercuryTours.MercuryToursTest"/>
</testsuite> <!-- MercuryTours.MercuryToursTest -->
