<?xml version="1.0" encoding="UTF-8"?>
<!-- Generated by org.testng.reporters.JUnitReportReporter -->
<testsuite skipped="0" hostname="AR-NB-112" name="MercuryToursTest.MercuryToursTest" tests="1" failures="0" timestamp="23 ene 2019 15:35:56 GMT" time="55.889" errors="0">
  <testcase name="f" time="55.889" classname="MercuryToursTest.MercuryToursTest"/>
</testsuite> <!-- MercuryToursTest.MercuryToursTest -->
