<?xml version="1.0" encoding="UTF-8"?>
<!-- Generated by org.testng.reporters.JUnitReportReporter -->
<testsuite skipped="0" hostname="AR-NB-112" name="sauceDemo.SauceTest" tests="1" failures="0" timestamp="21 ene 2019 13:13:53 GMT" time="16.077" errors="0">
  <testcase name="test" time="16.077" classname="sauceDemo.SauceTest"/>
</testsuite> <!-- sauceDemo.SauceTest -->
