<?xml version="1.0" encoding="UTF-8"?>
<!-- Generated by org.testng.reporters.JUnitReportReporter -->
<testsuite skipped="0" hostname="AR-NB-112" name="sauceDemo.SauceDemo" tests="1" failures="0" timestamp="24 ene 2019 12:48:37 GMT" time="16.043" errors="0">
  <testcase name="test" time="16.043" classname="sauceDemo.SauceDemo"/>
</testsuite> <!-- sauceDemo.SauceDemo -->
