<?xml version="1.0" encoding="UTF-8"?>
<!-- Generated by org.testng.reporters.JUnitReportReporter -->
<testsuite skipped="0" hostname="AR-NB-112" name="MercuryToursTest.Regresion" tests="1" failures="0" timestamp="08 feb 2019 19:30:29 GMT" time="72.163" errors="0">
  <testcase name="regresion" time="72.163" classname="MercuryToursTest.Regresion"/>
</testsuite> <!-- MercuryToursTest.Regresion -->
