<?xml version="1.0" encoding="UTF-8"?>
<!-- Generated by org.testng.reporters.JUnitReportReporter -->
<testsuite skipped="0" hostname="AR-NB-112" name="prueba.CopiaNewTest" tests="2" failures="0" timestamp="27 dic 2018 17:38:16 GMT" time="0.982" errors="0">
  <testcase name="f" time="0.980" classname="prueba.CopiaNewTest"/>
  <testcase name="dos" time="0.002" classname="prueba.CopiaNewTest"/>
</testsuite> <!-- prueba.CopiaNewTest -->
