<?xml version="1.0" encoding="UTF-8"?>
<!-- Generated by org.testng.reporters.JUnitReportReporter -->
<testsuite skipped="0" hostname="AR-NB-112" name="MercuryTours.MercuryTest" tests="2" failures="0" timestamp="23 ene 2019 14:42:13 GMT" time="308.443" errors="0">
  <testcase name="test" time="308.440" classname="MercuryTours.MercuryTest"/>
  <testcase name="test1" time="0.003" classname="MercuryTours.MercuryTest"/>
</testsuite> <!-- MercuryTours.MercuryTest -->
